<?xml version="1.0" encoding="UTF-8"?>
<robot generator="Robot 4.1.2 (Python 3.8.10 on linux)" generated="20240416 19:39:50.659" rpa="false" schemaversion="2">
<suite id="s1" name="Tests" source="/home/pwuser/ns8-module/tests">
<kw name="Connect to the node" type="SETUP">
<kw name="Open Connection" library="SSHLibrary">
<arg>${NODE_ADDR}</arg>
<doc>Opens a new SSH connection to the given ``host`` and ``port``.</doc>
<status status="PASS" starttime="20240416 19:39:50.760" endtime="20240416 19:39:50.761"/>
</kw>
<kw name="Login With Public Key" library="SSHLibrary">
<arg>root</arg>
<arg>${SSH_KEYFILE}</arg>
<doc>Logs into the SSH server using key-based authentication.</doc>
<msg timestamp="20240416 19:39:50.762" level="INFO">Logging into ':22' as 'root'.</msg>
<msg timestamp="20240416 19:39:50.768" level="FAIL">gaierror: [Errno -2] Name or service not known</msg>
<status status="FAIL" starttime="20240416 19:39:50.762" endtime="20240416 19:39:50.768"/>
</kw>
<kw name="Execute Command" library="SSHLibrary">
<var>${output}</var>
<arg>systemctl is-system-running</arg>
<arg>--wait</arg>
<doc>Executes ``command`` on the remote machine and returns its outputs.</doc>
<status status="NOT RUN" starttime="20240416 19:39:50.769" endtime="20240416 19:39:50.769"/>
</kw>
<kw name="Should Be True" library="BuiltIn">
<arg>'${output}' == 'running' or '${output}' == 'degraded'</arg>
<doc>Fails if the given condition is not true.</doc>
<status status="NOT RUN" starttime="20240416 19:39:50.769" endtime="20240416 19:39:50.769"/>
</kw>
<status status="FAIL" starttime="20240416 19:39:50.760" endtime="20240416 19:39:50.770"/>
</kw>
<suite id="s1-s1" name="Homepage" source="/home/pwuser/ns8-module/tests/homepage.robot">
<test id="s1-s1-t1" name="Check if homepage is installed correctly">
<status status="FAIL" starttime="20240416 19:39:50.771" endtime="20240416 19:39:50.772">Parent suite setup failed:
gaierror: [Errno -2] Name or service not known</status>
</test>
<test id="s1-s1-t2" name="Check if homepage can be configured">
<status status="FAIL" starttime="20240416 19:39:50.774" endtime="20240416 19:39:50.775">Parent suite setup failed:
gaierror: [Errno -2] Name or service not known</status>
</test>
<test id="s1-s1-t3" name="Check if homepage works as expected">
<status status="FAIL" starttime="20240416 19:39:50.775" endtime="20240416 19:39:50.776">Parent suite setup failed:
gaierror: [Errno -2] Name or service not known</status>
</test>
<test id="s1-s1-t4" name="Check if homepage is removed correctly">
<status status="FAIL" starttime="20240416 19:39:50.777" endtime="20240416 19:39:50.777">Parent suite setup failed:
gaierror: [Errno -2] Name or service not known</status>
</test>
<status status="FAIL" starttime="20240416 19:39:50.770" endtime="20240416 19:39:50.778">Parent suite setup failed:
gaierror: [Errno -2] Name or service not known</status>
</suite>
<status status="FAIL" starttime="20240416 19:39:50.660" endtime="20240416 19:39:50.780">Suite setup failed:
gaierror: [Errno -2] Name or service not known</status>
</suite>
<statistics>
<total>
<stat pass="0" fail="4" skip="0">All Tests</stat>
</total>
<tag>
</tag>
<suite>
<stat pass="0" fail="4" skip="0" id="s1" name="Tests">Tests</stat>
<stat pass="0" fail="4" skip="0" id="s1-s1" name="Homepage">Tests.Homepage</stat>
</suite>
</statistics>
<errors>
</errors>
</robot>
